File DATA.LIS:
welcome:display
welcome:display
welcome:xxxswdctime
welcome:level
pass:password
visute:display
visute:Utetemp
TA1_agg:display
TA1_temp:display
TA1_temp_1:display
TA1_temp_1:TA1_GT31
TA1_temp_1_1:TA1_GT31_korr
TA1_temp_1_1:enter
TA1_temp_1_1:TA1_GT31_korr
TA1_temp_2:display
TA1_temp_2:TA1_GT32
TA1_temp_2_1:TA1_GT32_korr
TA1_temp_2_1:enter
TA1_temp_2_1:TA1_GT32_korr
TA1_temp_3:display
TA1_temp_3:TA1_GT33
TA1_temp_3_1:TA1_GT33_korr
TA1_temp_3_1:enter
TA1_temp_3_1:TA1_GT33_korr
TA1_temp_4:display
TA1_temp_4:TA1_GT11
TA1_temp_4_1:TA1_GT11_korr
TA1_temp_4_1:enter
TA1_temp_4_1:TA1_GT11_korr
TA1_temp_5:display
TA1_temp_5:TA1_GT51
TA1_temp_5_1:TA1_GT51_korr
TA1_temp_5_1:enter
TA1_temp_5_1:TA1_GT51_korr
TA1_temp_6:display
TA1_temp_6:GT41
TA1_temp_6_1:GT41_korr
TA1_temp_6_1:enter
TA1_temp_6_1:GT41_korr
TA1_temp_8:display
TA1_temp_8:GT34
TA1_temp_8_1:GT34_korr
TA1_temp_8_1:enter
TA1_temp_8_1:GT34_korr
TA1_temp_9:display
TA1_temp_9:TA1_GP11
TA1_temp_9_1:TA1_GP11_k
TA1_temp_9_1:enter
TA1_temp_9_1:TA1_GP11_k
TA1_temp_9_2:TA1_GP11_m
TA1_temp_9_2:enter
TA1_temp_9_2:TA1_GP11_m
TA1_regl:display
TA1_regl_1:TA1_Sekvens
TA1_regl_1:TA1_Rumsreglering
TA1_regl_1:display
TA1_regl_1:display
TA1_regl_1:display
TA1_regl_1:display
TA1_regl_1:TA1_VVX
TA1_regl_1:TA1_SV21
TA1_regl_2:TA1_Rumsreglering
TA1_regl_2:display
TA1_regl_2:TA1_Tilluftbor
TA1_regl_2:TA1_GT31
TA1_regl_2:TA1_Tilluftbor
TA1_regl_2:enter
TA1_regl_2:TA1_Tilluftbor
TA1_regl_2:TA1_GT31
TA1_regl_3:TA1_Rumsreglering
TA1_regl_3:TA1_GT33bor
TA1_regl_3:enter
TA1_regl_3:TA1_GT33bor
TA1_regl_3:TA1_GT33
TA1_regl_3:TA1_Tilluftbor
TA1_regl_3:display
TA1_regl_4:TA1_Rumsreglering
TA1_regl_4:TA1_Maxtilluft
TA1_regl_4:enter
TA1_regl_4:TA1_Maxtilluft
TA1_regl_4:TA1_GT31
TA1_regl_4:display
TA1_regl_5:TA1_Rumsreglering
TA1_regl_5:TA1_Mintilluft
TA1_regl_5:enter
TA1_regl_5:TA1_Mintilluft
TA1_regl_5:TA1_GT31
TA1_regl_5:display
TA1_regl_6:TA1_Bor_StoppAgg
TA1_regl_6:enter
TA1_regl_6:TA1_Bor_StoppAgg
TA1_regl_6:TA1_GT51
TA1_regl_7:TA1_ForFrysgrans
TA1_regl_7:enter
TA1_regl_7:TA1_ForFrysgrans
TA1_regl_7:TA1_GT51
TA1_regl_8:TA1_Frysgrans
TA1_regl_8:enter
TA1_regl_8:TA1_Frysgrans
TA1_regl_8:TA1_GT51
TA1_regl_9:display
TA1_regl_9_1:display
TA1_regl_9_1_1:TA1_P_Still
TA1_regl_9_1_1:enter
TA1_regl_9_1_1:TA1_P_Still
TA1_regl_9_1_2:TA1_I_Still
TA1_regl_9_1_2:enter
TA1_regl_9_1_2:TA1_I_Still
TA1_regl_9_2:display
TA1_regl_9_2_1:TA1_P_Kyla
TA1_regl_9_2_1:enter
TA1_regl_9_2_1:TA1_P_Kyla
TA1_regl_9_2_2:TA1_I_Kyla
TA1_regl_9_2_2:enter
TA1_regl_9_2_2:TA1_I_Kyla
TA1_regl_9_3:display
TA1_regl_9_3_1:TA1_P_VVX
TA1_regl_9_3_1:enter
TA1_regl_9_3_1:TA1_P_VVX
TA1_regl_9_3_2:TA1_I_VVX
TA1_regl_9_3_2:enter
TA1_regl_9_3_2:TA1_I_VVX
TA1_regl_9_4:display
TA1_regl_9_4_1:TA1_P_Varme
TA1_regl_9_4_1:enter
TA1_regl_9_4_1:TA1_P_Varme
TA1_regl_9_4_2:TA1_I_Varme
TA1_regl_9_4_2:enter
TA1_regl_9_4_2:TA1_I_Varme
TA1_regl_9_5:display
TA1_regl_9_5_1:TA1_P_Rum
TA1_regl_9_5_1:enter
TA1_regl_9_5_1:TA1_P_Rum
TA1_regl_9_5_2:TA1_I_Rum
TA1_regl_9_5_2:enter
TA1_regl_9_5_2:TA1_I_Rum
TA1_regl1:display
TA1_regl1_1:TA1_Sekvens
TA1_regl1_1:TA1_start
TA1_regl1_1:display
TA1_regl1_1:display
TA1_regl1_1:display
TA1_regl1_1:TA1_Frekv
TA1_regl1_2:TA1_GP11_bv
TA1_regl1_2:enter
TA1_regl1_2:TA1_GP11_bv
TA1_regl1_2:TA1_GP11
TA1_regl1_3:display
TA1_regl1_3_1:TA1_GP11_P
TA1_regl1_3_1:enter
TA1_regl1_3_1:TA1_GP11_P
TA1_regl1_3_2:TA1_GP11_I
TA1_regl1_3_2:enter
TA1_regl1_3_2:TA1_GP11_I
TA1_regl1_3_3:TA1_GP11_D
TA1_regl1_3_3:enter
TA1_regl1_3_3:TA1_GP11_D
TA1_styr:display
TA1_styr_1:display
TA1_styr_1_1:enter_calendar
TA1_styr_1_1:TA1_tid
TA1_delay:display
TA1_delay_1:TA1_GT31_delay
TA1_delay_1:enter
TA1_delay_1:TA1_GT31_delay
TA1_delay_1_1:TA1_GT31avv
TA1_delay_1_1:enter
TA1_delay_1_1:TA1_GT31avv
TA1_delay_2:TA1_delay_drfel
TA1_delay_2:enter
TA1_delay_2:TA1_delay_drfel
TA1_delay_2_1:TA1_GP11_av
TA1_delay_2_1:enter
TA1_delay_2_1:TA1_GP11_av
TA1_delay_2_2:TA1_GP11_ll
TA1_delay_2_2:enter
TA1_delay_2_2:TA1_GP11_ll
TA1_delay_3:TA1_GP21_delay
TA1_delay_3:enter
TA1_delay_3:TA1_GP21_delay
TA1_delay_4:TA1_GP31_delay
TA1_delay_4:enter
TA1_delay_4:TA1_GP31_delay
TA2_agg:display
TA2_temp:display
TA2_temp_1:display
TA2_temp_1:TA2_GT31
TA2_temp_1_1:TA2_GT31_korr
TA2_temp_1_1:enter
TA2_temp_1_1:TA2_GT31_korr
TA2_temp_2:display
TA2_temp_2:TA2_GT32
TA2_temp_2_1:TA2_GT32_korr
TA2_temp_2_1:enter
TA2_temp_2_1:TA2_GT32_korr
TA2_temp_3:display
TA2_temp_3:TA2_GT33
TA2_temp_3_1:TA2_GT33_korr
TA2_temp_3_1:enter
TA2_temp_3_1:TA2_GT33_korr
TA2_temp_4:display
TA2_temp_4:TA2_GT11
TA2_temp_4_1:TA2_GT11_korr
TA2_temp_4_1:enter
TA2_temp_4_1:TA2_GT11_korr
TA2_temp_5:display
TA2_temp_5:TA2_GT51
TA2_temp_5_1:TA2_GT51_korr
TA2_temp_5_1:enter
TA2_temp_5_1:TA2_GT51_korr
TA2_temp_6:display
TA2_temp_6:GT41
TA2_temp_6_1:GT41_korr
TA2_temp_6_1:enter
TA2_temp_6_1:GT41_korr
TA2_temp_8:display
TA2_temp_8:GT34
TA2_temp_8_1:GT34_korr
TA2_temp_8_1:enter
TA2_temp_8_1:GT34_korr
TA2_temp_9:display
TA2_temp_9:TA2_GP11
TA2_temp_9_1:TA2_GP11_k
TA2_temp_9_1:enter
TA2_temp_9_1:TA2_GP11_k
TA2_temp_9_2:TA2_GP11_m
TA2_temp_9_2:enter
TA2_temp_9_2:TA2_GP11_m
TA2_regl:display
TA2_regl_1:TA2_Sekvens
TA2_regl_1:TA2_Rumsreglering
TA2_regl_1:display
TA2_regl_1:display
TA2_regl_1:display
TA2_regl_1:display
TA2_regl_1:TA2_VVX
TA2_regl_1:TA2_SV21
TA2_regl_2:TA2_Rumsreglering
TA2_regl_2:display
TA2_regl_2:TA2_Tilluftbor
TA2_regl_2:TA2_GT31
TA2_regl_2:TA2_Tilluftbor
TA2_regl_2:enter
TA2_regl_2:TA2_Tilluftbor
TA2_regl_2:TA2_GT31
TA2_regl_3:TA2_Rumsreglering
TA2_regl_3:TA2_GT33bor
TA2_regl_3:enter
TA2_regl_3:TA2_GT33bor
TA2_regl_3:TA2_GT33
TA2_regl_3:TA2_Tilluftbor
TA2_regl_3:display
TA2_regl_4:TA2_Rumsreglering
TA2_regl_4:TA2_Maxtilluft
TA2_regl_4:enter
TA2_regl_4:TA2_Maxtilluft
TA2_regl_4:TA2_GT31
TA2_regl_4:display
TA2_regl_5:TA2_Rumsreglering
TA2_regl_5:TA2_Mintilluft
TA2_regl_5:enter
TA2_regl_5:TA2_Mintilluft
TA2_regl_5:TA2_GT31
TA2_regl_5:display
TA2_regl_6:TA2_Bor_StoppAgg
TA2_regl_6:enter
TA2_regl_6:TA2_Bor_StoppAgg
TA2_regl_6:TA2_GT51
TA2_regl_7:TA2_ForFrysgrans
TA2_regl_7:enter
TA2_regl_7:TA2_ForFrysgrans
TA2_regl_7:TA2_GT51
TA2_regl_8:TA2_Frysgrans
TA2_regl_8:enter
TA2_regl_8:TA2_Frysgrans
TA2_regl_8:TA2_GT51
TA2_regl_9:display
TA2_regl_9_1:display
TA2_regl_9_1_1:TA2_P_Still
TA2_regl_9_1_1:enter
TA2_regl_9_1_1:TA2_P_Still
TA2_regl_9_1_2:TA2_I_Still
TA2_regl_9_1_2:enter
TA2_regl_9_1_2:TA2_I_Still
TA2_regl_9_2:display
TA2_regl_9_2_1:TA2_P_Kyla
TA2_regl_9_2_1:enter
TA2_regl_9_2_1:TA2_P_Kyla
TA2_regl_9_2_2:TA2_I_Kyla
TA2_regl_9_2_2:enter
TA2_regl_9_2_2:TA2_I_Kyla
TA2_regl_9_3:display
TA2_regl_9_3_1:TA2_P_VVX
TA2_regl_9_3_1:enter
TA2_regl_9_3_1:TA2_P_VVX
TA2_regl_9_3_2:TA2_I_VVX
TA2_regl_9_3_2:enter
TA2_regl_9_3_2:TA2_I_VVX
TA2_regl_9_4:display
TA2_regl_9_4_1:TA2_P_Varme
TA2_regl_9_4_1:enter
TA2_regl_9_4_1:TA2_P_Varme
TA2_regl_9_4_2:TA2_I_Varme
TA2_regl_9_4_2:enter
TA2_regl_9_4_2:TA2_I_Varme
TA2_regl_9_5:display
TA2_regl_9_5_1:TA2_P_Rum
TA2_regl_9_5_1:enter
TA2_regl_9_5_1:TA2_P_Rum
TA2_regl_9_5_2:TA2_I_Rum
TA2_regl_9_5_2:enter
TA2_regl_9_5_2:TA2_I_Rum
TA2_regl1:display
TA2_regl1_1:TA2_Sekvens
TA2_regl1_1:TA2_start
TA2_regl1_1:display
TA2_regl1_1:display
TA2_regl1_1:display
TA2_regl1_1:TA2_Frekv
TA2_regl1_2:TA2_GP11_bv
TA2_regl1_2:enter
TA2_regl1_2:TA2_GP11_bv
TA2_regl1_2:TA2_GP11
TA2_regl1_3:display
TA2_regl1_3_1:TA2_GP11_P
TA2_regl1_3_1:enter
TA2_regl1_3_1:TA2_GP11_P
TA2_regl1_3_2:TA2_GP11_I
TA2_regl1_3_2:enter
TA2_regl1_3_2:TA2_GP11_I
TA2_regl1_3_3:TA2_GP11_D
TA2_regl1_3_3:enter
TA2_regl1_3_3:TA2_GP11_D
TA2_styr:display
TA2_styr_1:display
TA2_styr_1_1:enter_calendar
TA2_styr_1_1:TA2_tid
TA2_delay:display
TA2_delay_1:TA2_GT31_delay
TA2_delay_1:enter
TA2_delay_1:TA2_GT31_delay
TA2_delay_1_1:TA2_GT31avv
TA2_delay_1_1:enter
TA2_delay_1_1:TA2_GT31avv
TA2_delay_2:TA2_delay_drfel
TA2_delay_2:enter
TA2_delay_2:TA2_delay_drfel
TA2_delay_2_1:TA2_GP11_av
TA2_delay_2_1:enter
TA2_delay_2_1:TA2_GP11_av
TA2_delay_2_2:TA2_GP11_ll
TA2_delay_2_2:enter
TA2_delay_2_2:TA2_GP11_ll
TA2_delay_3:TA2_GP21_delay
TA2_delay_3:enter
TA2_delay_3:TA2_GP21_delay
TA2_delay_4:TA2_GP31_delay
TA2_delay_4:enter
TA2_delay_4:TA2_GP31_delay
Visdig:display
Visdig_in_1:display
Visdig_in_1:display
Visdig_in_1:Kort_6
Visdig_in_2:display
Visdig_in_2:display
Visdig_in_2:Kort_7
datumtid:display
stalltid:set_time
Sc_h_1:display
Digitalapilar:display
Digitalapilar:display
P_Konst:display
P_Konst:display
I_Konst:display
I_Konst:display
D_Konst:display
D_Konst:display
