                            Directory of . 11:53:30
 Owner    Last modified  Attributes Sector Bytecount Name
-------   -------------  ---------- ------ --------- ----
  0.0     92/11/16 1525   d-ewrewr   22000       704 RELS
  0.0     92/11/16 1536   ------wr   1E8FC      5193 checkIpl.c
  0.0     92/03/20 1506   ------wr   1E3B9      2230 clear.a
  0.0     92/05/25 1554   ------wr   1E481      2758 clearalarm.c
  0.0     92/02/05 1022   ------wr   1E0C1      1300 clearmem.a
  0.0     92/10/04 1722   ------wr   2232B      4895 cmprutil.c
  0.0     92/12/14 1153   ------wr   1C870       512 dir.lis
  0.0     92/10/01 1017   ------wr   223B7      3731 dt08io.h
  0.0     92/11/03 1043   ------wr   223D4      4824 dtproto.c
  0.0     92/10/04 1727   ------wr   223C7      2859 dtproto.h
  0.0     92/10/06 1159   ------wr   1E122      1285 localReboot.a
  0.0     92/11/17 1701   ------wr   1EA35     16538 look.c
  0.0     92/12/08 1825   ------wr   1E931      8841 lookalarm.c
  0.0     92/11/30 1806   ------wr   1EB3B     21093 ls.c
  0.0     92/11/16 1611   ------wr   22156      3049 makefile
  0.0     92/10/01 1416   ------wr   1EA01      9972 modtest.c
  0.0     92/10/06 1326   ------wr   1E8C9      2930 new.c
  0.0     92/11/12 1324   ------wr   222DE     19397 prCom.c
  0.0     92/05/27 1342   ------wr   1E237      1397 pulse.a
  0.0     92/10/06 1750   ------wr   1E495      1831 reboot.c
  0.0     92/11/10 1003   ------wr   22254     11398 recmod.c
  0.0     92/10/13 1210   ------wr   1E5AD      2904 showipl.c
  0.0     92/04/08 1056   ------wr   1E898      1416 showipl.org
  0.0     92/11/17 1849   ------wr   1E8BB      3149 shownode.a
  0.0     92/03/11 1553   ------wr   1E8EC      3593 verify.a
  0.0     92/02/18 1151   ------wr   1E870      1375 version.a
  0.0     92/11/17 1114   ------wr   22646    103515 visionCom.921118
  0.0     92/11/19 1816   ------wr   22645    104914 visionCom.c
