999, 'Lîsenord: '
999, 'Lîsenord: *'
999, 'Lîsenord: **'
999, 'Lîsenord: ***'
999, 'Lîsenord: ****'
  1, 'Landstinget'
  1, 'Rosenlundssjukhus'
  1, 'IVT Control'
  1, 'Ons '
  1, 'Jul '
  1, '1992'
  1, 'Utetemperatur'
  1, 'GT-Norr'
  1, 'GT-Sîder'
 11, ' &'
  1, ' *'
 26, ' -'
 19, ' 1'
  3, ' 1,='
 14, ' 10V'
 17, ' 2'
  1, ' 220V'
  1, ' 24V'
  7, ' 3'
  5, ' 4'
  5, ' 5'
  6, ' 6'
  6, ' 7'
  2, ' 8'
745, ' :'
  4, ' <'
393, ' ='
  4, ' >'
  1, ' A'
  2, ' Appelbergsgatan'
 12, ' Auto'
  1, ' B'
  3, ' Belysning'
  1, ' CF71'
 16, ' DUC'
 16, ' Datum'
  1, ' EL1-MQ21'
  1, ' EL1-MQ22'
  1, ' EL1-MQ23'
  3, ' EXP'
  1, ' EXP1'
  7, ' FF1'
  2, ' FF11'
  7, ' FF51'
  6, ' FF55'
  1, ' FF55,56'
  9, ' FF56'
  2, ' FF61'
  1, ' FF62'
  7, ' FF63'
  7, ' FF64'
 10, ' FF65'
  7, ' FF66'
  2, ' FF67'
  1, ' FF68'
  1, ' FF71'
  1, ' FF72'
  1, ' FS'
  6, ' FrÜn'
116, ' FrÜn,1'
  1, ' Fîr'
  1, ' GF1'
  1, ' GN53'
  2, ' GP10'
 29, ' GP10='
  3, ' GP11'
  3, ' GP12'
  1, ' GP1F'
  1, ' GP1T'
  3, ' GP21'
  3, ' GP22'
  1, ' GP40'
  5, ' GP40='
  2, ' GP5'
  2, ' GP6'
  1, ' GP60'
 10, ' GP60='
  1, ' GP61'
  6, ' GP61='
 13, ' GT10'
  1, ' GT10='
  6, ' GT11'
  1, ' GT12'
  2, ' GT13'
  1, ' GT14'
  1, ' GT15'
  1, ' GT17'
  2, ' GT2'
  4, ' GT21'
  1, ' GT21='
  2, ' GT3'
  4, ' GT31'
  1, ' GT31='
  2, ' GT32'
  3, ' GT34'
  3, ' GT35'
  3, ' GT36'
 17, ' GT40'
  1, ' GT40='
 41, ' GT41'
 14, ' GT42'
  2, ' GT43'
  3, ' GT50'
  1, ' GT50='
  3, ' GT51'
  2, ' GT51='
  3, ' GT52'
  1, ' GT52='
  2, ' GT53'
  1, ' GT53='
 15, ' GT60'
  1, ' GT60='
  2, ' GT61'
  1, ' GT61='
  2, ' GT64'
  7, ' GT70'
  1, ' GT70='
  3, ' GT71'
  3, ' GT72'
  1, ' GT7F'
  1, ' GT7T'
 10, ' GT8'
  5, ' GT80'
  1, ' GT80='
  2, ' GT9'
  2, ' GX40,60'
  2, ' GX7F'
  2, ' GX7T'
  1, ' GX7T,GX7F'
 15, ' KA61'
 15, ' KA62'
  9, ' KV'
  7, ' KV.Oxhuvudet'
  4, ' Kungsgatan'
  2, ' LA1'
  8, ' LB11'
  2, ' LB12'
  8, ' LB13'
  5, ' LB51'
  4, ' LB52'
  5, ' LB61'
  5, ' LB62'
 10, ' LB64'
  4, ' LB65'
  4, ' LB71'
  4, ' LB72'
  5, ' LRF'
 14, ' LRT'
 12, ' MQ11'
 11, ' MQ12'
  8, ' MQ21'
  7, ' MQ22'
  7, ' MQ23'
  1, ' Malmskillnadsgatan'
 11, ' Manuell,1'
  9, ' Oxhuvudet'
  7, ' P1'
  7, ' P1='
 11, ' P1A'
  6, ' P1A&B'
  4, ' P1A='
 11, ' P1B'
  4, ' P1B='
  6, ' P2'
  6, ' P20'
  6, ' P2='
  1, ' P5'
  6, ' P50'
  6, ' P52'
  1, ' P6'
  3, ' P63'
  3, ' P63='
  3, ' P64'
  3, ' P64='
  3, ' P65'
  3, ' P65='
 10, ' RD1'
  3, ' RD1,RD2'
  2, ' RD2'
  4, ' Reserv'
  3, ' S-GL1'
  2, ' S-GL2'
  3, ' S-P1'
  3, ' S1'
  1, ' ST5'
  1, ' ST6'
  3, ' SV20'
  2, ' SV20='
  3, ' SV50'
  2, ' SV50='
  3, ' SV52'
  2, ' SV52='
  1, ' StillestÜndsregl'
  1, ' SveavÑgen'
  9, ' TF1'
  4, ' TF11'
  4, ' TF12'
  4, ' TF13'
  2, ' TF51'
  2, ' TF52'
  2, ' TF61'
  2, ' TF62'
  4, ' TF64'
  2, ' TF71'
  2, ' TF72'
116, ' Till,2'
  3, ' U1'
  1, ' Utetemp.'
  1, ' Utlîst.'
  2, ' VM10'
  4, ' VM11'
 32, ' VVX'
  6, ' VVX1'
  1, ' VVX2'
  1, ' VVX='
  1, ' VVXP'
  1, ' VVXP='
  1, ' VXX1'
  7, ' Vè1'
  1, ' agg'
  1, ' anger'
  1, ' anges'
  2, ' anvÑnder'
  1, ' att'
  2, ' automatsÑkring'
 29, ' av'
 12, ' berÑknas'
 16, ' betyder'
  1, ' brand'
  1, ' brytare'
  3, ' bîrjar'
  2, ' bîrvÑrde'
  2, ' dag'
  1, ' deriveringstid'
 14, ' det'
 57, ' digitala'
  3, ' driftfel'
  1, ' dîdzon'
  1, ' efter'
  2, ' ej'
 13, ' eller'
 16, ' en'
  1, ' ett'
  1, ' flîde'
  3, ' frysskydd'
  1, ' frysskyddsregl'
 96, ' frÜn'
  1, ' frÜnluftstryck'
  6, ' fullt'
 38, ' fîr'
  1, ' fîrdrîjd'
  1, ' fîrstÑrkning'
 15, ' genereras'
 48, ' ger'
 11, ' grad'
 80, ' gÑlla'
  2, ' halvfart'
  2, ' helfart'
 16, ' hiss'
  8, ' hur'
  1, ' hÑr'
  6, ' hîg'
 21, ' hîgt'
 76, ' i'
 44, ' in'
 26, ' ingÜngen'
 23, ' inte'
  1, ' integrationstid'
 16, ' kalender'
  1, ' kalendern'
  1, ' kan'
  6, ' komp1'
  6, ' komp2'
  6, ' komp3'
  6, ' komp4'
  1, ' kurva'
  1, ' larm'
 15, ' larmgrÑnsen'
214, ' lÜg'
 21, ' lÜgt'
  1, ' lîsenord'
  1, ' manîverbrytare'
  1, ' maxvÑrde'
  8, ' med'
 15, ' mer'
 26, ' mera'
  1, ' min-'
  2, ' minbegr.'
  1, ' minuter'
  2, ' mÜnad'
  8, ' mÜnga'
 13, ' ner'
  5, ' nivÜ'
  1, ' nu'
 19, ' nÑr'
 62, ' och'
  4, ' om'
 25, ' pil'
 26, ' pil-funktion'
 26, ' pilar'
  1, ' pumpgrop'
 33, ' pÜ'
 35, ' regleravvikelse'
  1, ' regulatorn'
 10, ' repektive'
  2, ' rum'
 15, ' rÑknas'
 26, ' se'
 15, ' sek'
 16, ' signal'
 87, ' ska'
  1, ' sker'
  3, ' slutar'
 10, ' sommar'
  4, ' spjÑll'
  1, ' stannar'
 19, ' start'
  1, ' stillestÜnd='
  2, ' stopp'
  1, ' stoppas'
  1, ' styrning'
 11, ' stÜr'
  2, ' sÑkring'
  2, ' temp'
  1, ' temp.'
  1, ' temp.i'
  3, ' temperatur'
 15, ' till'
  3, ' tilluft'
  8, ' tilluftstemp'
  1, ' tillufttryck'
  2, ' timme'
106, ' tryck'
 13, ' upp'
  2, ' ut'
  4, ' utetemp'
  2, ' utetemp.<'
  1, ' utetemp.>'
  1, ' varit'
  3, ' ventil'
  1, ' verkningsgrad'
 11, ' vid'
  3, ' vilken'
 10, ' vinter'
  1, ' vÑrmebatteri'
  1, ' vÑrmebatteriet'
  1, ' vÑrmebatteriet.Ñr'
 15, ' Ñn'
 83, ' Ñr'
  1, ' Ñr-'
 15, ' ÑrvÑrdet'
  1, ' ÜterstÑllas'
  1, ' îppnar'
 16, '- start pÜ kalender -'
  1, '- start pÜ kalendern -'
 25, '---->'
 17, '100'
 17, '100 '
  1, '1=ja'
  1, '1=ja 0=nej'
  6, '4:1'
  4, '4:2'
  2, '5:1'
  1, '6:1'
  2, '7:1'
  2, '8:1'
  3, '9:1'
  3, ': '
  1, '< '
 34, '= '
 36, '= Auto)'
  3, '= FrÜn '
  3, '= FrÜn 1,= Till,2 = Auto)'
 22, '= FrÜn,'
 25, '= FrÜn,1 = Till,'
 91, '= FrÜn,1 = Till,2 = Auto)'
 11, '= Manuell,'
 11, '= Manuell,1 = Auto)'
 22, '= Till,2 = Auto)'
  1, 'Aggregat'
  1, 'Aggregat LB65'
 40, 'Aktuellkod'
 40, 'Aktuellkod Ñr : '
 12, 'Anger'
  1, 'Anger i minuter fîrdrîjd start av'
  8, 'Anger med hur mÜnga '
  1, 'Anger vilken deriveringstid i sek.'
  1, 'Anger vilken fîrstÑrkning * regler-'
  1, 'Anger vilken integrationstid i sek.'
 26, 'AnvÑnd'
 26, 'AnvÑnd pil-funktion fîr mera info'
  7, 'Avluftstemperatur'
  6, 'Avluftstemperatur GT70 = '
  1, 'Avluftstemperatur GT70= '
  1, 'BerÑknas'
  1, 'BerÑknas frÜn VM10 och GT32 och GT33'
  4, 'Brand'
  1, 'Brand RD1 & RD2 : '
  3, 'Brand RD1 : '
  1, 'Bîrv'
  1, 'Bîrv StillestÜndsregl GT80='
 32, 'BîrvÑrde'
  2, 'BîrvÑrde GP40= '
  2, 'BîrvÑrde GP61= '
  9, 'BîrvÑrde GT40='
  2, 'BîrvÑrde GT41='
  2, 'BîrvÑrde GT42='
  2, 'BîrvÑrde GT43='
  1, 'BîrvÑrde GT50='
  1, 'BîrvÑrde GT51='
  1, 'BîrvÑrde GT52='
  1, 'BîrvÑrde GT53='
  1, 'BîrvÑrde GT80 vid stillestÜnd= '
  1, 'BîrvÑrde frysskyddsregl GT80='
  1, 'BîrvÑrde frÜnluftstryck GP61= '
  1, 'BîrvÑrde rum GT51= '
  1, 'BîrvÑrde rum GT53= '
  1, 'BîrvÑrde tilluft GT40= '
  1, 'BîrvÑrde tilluft GT50= '
  1, 'BîrvÑrde tilluft GT52= '
  1, 'BîrvÑrde tillufttryck GP40= '
 11, 'BîrvÑrdes'
 10, 'BîrvÑrdes instÑllningar'
  1, 'BîrvÑrdes kurva GT40 tryck pil hîger'
 14, 'BîrvÑrdeskurva'
  1, 'BîrvÑrdeskurva GT21 tryck pil hîger?'
  1, 'BîrvÑrdeskurva GT31 tryck pil hîger?'
  1, 'BîrvÑrdeskurva GT40 tryck pil hîger'
  1, 'BîrvÑrdeskurva GT40 tryck pil hîger?n'
  9, 'BîrvÑrdeskurva GT41 tryck pil hîger?'
  1, 'BîrvÑrdeskurva GT60 tryck pil hîger?'
  4, 'CF71'
  1, 'CF71 : Auto'
  1, 'CF71 : FrÜn'
  1, 'CF71 : Till'
  1, 'Central'
  1, 'Central styrning av VVX i LB'
  8, 'D-tid'
 42, 'DUC'
  2, 'DUC 10:1'
 18, 'DUC 2:1'
  2, 'DUC 3:1'
  2, 'DUC11:1'
 23, 'Differenstryck'
  1, 'Differenstryck frÜnluftsfiler'
  6, 'Differenstryck frÜnluftsfilter'
 16, 'Differenstryck tilluftsfilter'
 29, 'Driftfel'
  1, 'Driftfel FF1 : '
  2, 'Driftfel FF11 : '
  1, 'Driftfel FF51 : '
  1, 'Driftfel FF61 : '
  1, 'Driftfel FF62 : '
  1, 'Driftfel FF71 : '
  1, 'Driftfel FF72 : '
  1, 'Driftfel P20 : '
  1, 'Driftfel P50 : '
  1, 'Driftfel P52 : '
  1, 'Driftfel TF1 : '
  2, 'Driftfel TF11 : '
  2, 'Driftfel TF12 : '
  2, 'Driftfel TF13 : '
  1, 'Driftfel TF51 : '
  1, 'Driftfel TF52 : '
  1, 'Driftfel TF61 : '
  1, 'Driftfel TF62 : '
  2, 'Driftfel TF64 : '
  1, 'Driftfel TF71 : '
  1, 'Driftfel TF72 : '
  3, 'Driftfel U1 : '
 15, 'Driftid'
 15, 'Driftid rÑknas i sek och berÑknas'
 96, 'Drifttid'
  1, 'Drifttid FF51 hîg = '
  1, 'Drifttid FF51 lÜg = '
  1, 'Drifttid FF55 halvfart = '
  1, 'Drifttid FF55 helfart = '
  1, 'Drifttid FF56 halvfart = '
  1, 'Drifttid FF56 helfart = '
  1, 'Drifttid FF61 = '
  1, 'Drifttid FF63 hîg = '
  1, 'Drifttid FF63 lÜg = '
  1, 'Drifttid FF64 hîg = '
  1, 'Drifttid FF64 lÜg = '
  1, 'Drifttid FF65 hîg = '
  1, 'Drifttid FF65 lÜg = '
  1, 'Drifttid FF66 hîg = '
  1, 'Drifttid FF66 lÜg = '
  1, 'Drifttid FF67 = '
  1, 'Drifttid FF68 = '
  3, 'Drifttid KA61 komp1 = '
  3, 'Drifttid KA61 komp2 = '
  3, 'Drifttid KA61 komp3 = '
  3, 'Drifttid KA61 komp4 = '
  3, 'Drifttid KA62 komp1 = '
  3, 'Drifttid KA62 komp2 = '
  3, 'Drifttid KA62 komp3 = '
  3, 'Drifttid KA62 komp4 = '
  7, 'Drifttid P1= '
  3, 'Drifttid P1A = '
  4, 'Drifttid P1A= '
  3, 'Drifttid P1B = '
  4, 'Drifttid P1B= '
  1, 'Drifttid P20 = '
  6, 'Drifttid P2= '
  1, 'Drifttid P50 = '
  1, 'Drifttid P52 = '
  3, 'Drifttid P63= '
  3, 'Drifttid P64= '
  3, 'Drifttid P65= '
  1, 'Drifttid TF1 = '
  2, 'Drifttid TF11 = '
  2, 'Drifttid TF12 = '
  2, 'Drifttid TF13 = '
  1, 'Drifttid TF51 = '
  1, 'Drifttid TF52 = '
  1, 'Drifttid TF61 = '
  1, 'Drifttid TF62 = '
  2, 'Drifttid TF64 = '
  1, 'Drifttid TF71 = '
  1, 'Drifttid TF72 = '
  1, 'Drifttid VVXP= '
 32, 'DrifttidsberÑkningar'
  2, 'Dîdzon'
  1, 'Dîdzon GT40 ='
  1, 'Efterkylning'
  1, 'Efterkylning EV50'
 34, 'Elenergi'
  1, 'Elenergi (fastighetsel)'
  1, 'Elenergi EL1-MQ21'
  1, 'Elenergi EL1-MQ21 (fastighetsel)'
  1, 'Elenergi EL1-MQ22'
  1, 'Elenergi EL1-MQ22 (fastighetsel)'
  1, 'Elenergi EL1-MQ23'
  1, 'Elenergi EL1-MQ23 (fastighetsel)'
  1, 'Elenergi KM1'
  2, 'Elenergi KM1-MQ11'
  2, 'Elenergi KM1-MQ12'
  3, 'Elenergi MQ11 : '
  3, 'Elenergi MQ11 = '
  3, 'Elenergi MQ12 : '
  3, 'Elenergi MQ12 = '
  3, 'Elenergi MQ21 : '
  3, 'Elenergi MQ22 : '
  3, 'Elenergi MQ23 : '
  3, 'ElenergiberÑkningar'
  1, 'Energi-'
  1, 'Energi- och VattenmÑngdsberÑkningar'
  1, 'EnergiberÑkningar'
  8, 'Entreprenadkod'
  8, 'Extrakod'
  1, 'FF1'
  1, 'FF1 stÜr inte i Manuell.'
  3, 'FF51'
  1, 'FF51 : Auto'
  1, 'FF51 : FrÜn'
  1, 'FF51 : Till'
  3, 'FF55'
  1, 'FF55 & FF56 : Auto'
  1, 'FF55 & FF56 : FrÜn'
  1, 'FF55 & FF56 : Till'
  3, 'FF63'
  1, 'FF63 : Auto'
  1, 'FF63 : FrÜn'
  1, 'FF63 : Till'
  3, 'FF64'
  1, 'FF64 : Auto'
  1, 'FF64 : FrÜn'
  1, 'FF64 : Till'
  3, 'FF65'
  1, 'FF65 : Auto'
  1, 'FF65 : FrÜn'
  1, 'FF65 : Till'
  3, 'FF66'
  1, 'FF66 : Auto'
  1, 'FF66 : FrÜn'
  1, 'FF66 : Till'
  2, 'Fel'
  1, 'Fel VVX1 : '
  1, 'Fel lîsenord'
  1, 'Framledn.temp.KA61&62-GT33'
  1, 'Framledn.temp.KA61&62-GT33 = '
 10, 'Framledningstemp'
  9, 'Framledningstemp GT41 ='
  1, 'Framledningstemp VVX1 GT13 = '
  1, 'Framledningstemp.VVB'
  1, 'Framledningstemp.VVX1'
  1, 'Framledningstemp.VVX1 GT21 ='
  8, 'Framledningstemperatur'
  1, 'Framledningstemperatur GT31 ='
  3, 'Framledningstemperatur GT41 ='
  1, 'Framledningstemperatur GT61 ='
  3, 'Framledningstemperatur GT71 ='
  1, 'Framledninstemperatur'
  1, 'Framledninstemperatur GT11 ='
160, 'Framtidakod'
 40, 'Framtidakod : '
 40, 'Framtidakod : ----'
 40, 'Framtidakod ska gÑlla frÜn : '
 40, 'Framtidakod ska gÑlla frÜn : ------'
  1, 'FrysgrÑns'
  1, 'FrysgrÑns vÑrmebatteri GT80='
  1, 'Fryskyddet'
  1, 'Fryskyddet Ñr ej utlîst.'
  5, 'Frysskydd'
  2, 'Frysskydd GT8 : '
  1, 'Frysskydd Utlîst.'
  1, 'Frysskydd Utlîst. Fîr ÜterstÑllning'
  1, 'Frysskydd kan hÑr ÜterstÑllas om det'
 16, 'Frysvakt'
  2, 'Frysvakt GT10 : '
  2, 'Frysvakt GT2 : '
  2, 'Frysvakt GT3 : '
  8, 'Frysvakt GT8 : '
  2, 'Frysvakt GT9 : '
  1, 'FrÜnluftfilter'
  1, 'FrÜnluftfilter LRF : '
  5, 'FrÜnluftsfilter'
  1, 'FrÜnluftsfilter GP60 : '
  4, 'FrÜnluftsfilter LRF : '
  3, 'FrÜnluftsflÑkt'
  1, 'FrÜnluftsflÑkt FF1 : Auto'
  1, 'FrÜnluftsflÑkt FF1 : FrÜn'
  1, 'FrÜnluftsflÑkt FF1 : Till'
  3, 'FrÜnluftsflÑktar'
  1, 'FrÜnluftsflÑktar FF55 FF56 Reserv'
  1, 'FrÜnluftsflÑktar FF63 FF65 FF67 FF51'
  1, 'FrÜnluftsflÑktar FF64 FF66 FF68'
 19, 'FrÜnluftstemperatur'
  1, 'FrÜnluftstemperatur GT11 = '
  1, 'FrÜnluftstemperatur GT13 = '
  1, 'FrÜnluftstemperatur GT15 = '
  1, 'FrÜnluftstemperatur GT17 = '
 12, 'FrÜnluftstemperatur GT60 = '
  1, 'FrÜnluftstemperatur GT60= '
  2, 'FrÜnluftstemperatur GT64 = '
208, 'Fîr'
208, 'Fîr lÜg behîrighet'
  3, 'Fîrdrîj'
  1, 'Fîrdrîj start i '
  1, 'Fîrdrîj stopp av TF1 i '
  1, 'Fîrdrîj stopp av agg i '
  1, 'GN51'
  1, 'GN51 eller GN53 varit aktiv.'
  3, 'GP40='
  1, 'GP40= '
  3, 'GP61='
  3, 'GP61= '
 10, 'GT40='
  1, 'GT40= '
  2, 'GT41='
  2, 'GT42='
  2, 'GT43='
  2, 'GT50='
  1, 'GT50= '
  2, 'GT51'
  1, 'GT51 ='
  1, 'GT51 = '
  1, 'GT51='
  2, 'GT52='
  1, 'GT52= '
  1, 'GT53'
  1, 'GT53 = '
  1, 'GT53='
  2, 'GT80='
  1, 'GT8:2='
  9, 'Givarfel'
  1, 'Givarfel GP10 : '
  1, 'Givarfel GT40 : '
  1, 'Givarfel GT50 : '
  1, 'Givarfel GT51 : '
  1, 'Givarfel GT52 : '
  1, 'Givarfel GT53 : '
  1, 'Givarfel GT60 : '
  1, 'Givarfel GT70 : '
  1, 'Givarfel GT80 : '
  1, 'HD-VVX='
 13, 'Handkîrning'
 13, 'Handkîrning av aggregatet'
  2, 'HetvattenmÑngd'
  1, 'HetvattenmÑngd : '
  1, 'HetvattenmÑngd MQ21 : '
  2, 'Hissar'
  2, 'Hissar Hi1-Hi8'
 16, 'Hufvudstaden'
  1, 'Hufvudstaden KV Oxhuvudet DUC 10:1'
  1, 'Hufvudstaden KV Oxhuvudet DUC 11'
  2, 'Hufvudstaden KV Oxhuvudet DUC 1:1'
  3, 'Hufvudstaden KV Oxhuvudet DUC 2:1&2'
  2, 'Hufvudstaden KV Oxhuvudet DUC 4:1&2'
  1, 'Hufvudstaden KV.Oxhuvudet DUC 11:1'
  1, 'Hufvudstaden KV.Oxhuvudet DUC 3:1'
  1, 'Hufvudstaden KV.Oxhuvudet DUC 5:1'
  1, 'Hufvudstaden KV.Oxhuvudet DUC 6:1'
  1, 'Hufvudstaden KV.Oxhuvudet DUC 7:1'
  1, 'Hufvudstaden KV.Oxhuvudet DUC 8:1'
  1, 'Hufvudstaden KV.Oxhuvudet DUC 9:1'
  8, 'HyresgÑstkod'
  6, 'Hîg'
  2, 'Hîg nivÜ S-GL1 : '
  2, 'Hîg nivÜ S-GL2 : '
  1, 'Hîg nivÜ pumpgrop S-GL1 : '
  1, 'Hîg temperatur GT51 : '
 12, 'Hîglast'
  1, 'Hîglast bîrjar timme : '
  1, 'Hîglast slutar timme : '
  1, 'Hîglast sommar MQ11 : '
  1, 'Hîglast sommar MQ12 : '
  1, 'Hîglast sommar MQ21 : '
  1, 'Hîglast sommar MQ22 : '
  1, 'Hîglast sommar MQ23 : '
  1, 'Hîglast vinter MQ11 : '
  1, 'Hîglast vinter MQ12 : '
  1, 'Hîglast vinter MQ21 : '
  1, 'Hîglast vinter MQ22 : '
  1, 'Hîglast vinter MQ23 : '
 16, 'Hîgt'
 16, 'Hîgt tryck ger filterlarm'
 14, 'I-tid'
  1, 'I-tid fîr SV20= '
  1, 'I-tid fîr SV50= '
  1, 'I-tid fîr SV52= '
  1, 'I-tid fîr frÜnluft'
  1, 'I-tid fîr stillastÜende'
  1, 'I-tid fîr tilluft'
  1, 'InstÑlld'
  1, 'InstÑlld dîdzon anger ett intervall'
  1, 'InstÑllt'
  1, 'InstÑllt min- och maxvÑrde begrÑnsar'
  3, 'Kallvatten'
  3, 'Kallvatten KV1'
  2, 'Kompenserat'
  1, 'Kompenserat bîrvÑrde GT21 ='
  1, 'Kompenserat bîrvÑrde GT31 ='
 13, 'KompenseratbîrvÑrde'
  3, 'KompenseratbîrvÑrde GT40='
  9, 'KompenseratbîrvÑrde GT41 ='
  1, 'KompenseratbîrvÑrde GT60='
 44, 'Kortplats'
  4, 'Kortplats 1 digitala in 123456789'
 11, 'Kortplats 1 digitala in 987654321'
  2, 'Kortplats 2 digitala in 123456789'
  8, 'Kortplats 2 digitala in 987654321'
  2, 'Kortplats 3 digitala in 123456789'
  3, 'Kortplats 3 digitala in 987654321'
  1, 'Kortplats 4 digitala in 123456789'
  2, 'Kortplats 4 digitala in 987654321'
  1, 'Kortplats 5 digitala in 123456789'
  2, 'Kortplats 5 digitala in 987654321'
  1, 'Kortplats 6 digitala in 123456789'
  3, 'Kortplats 6 digitala in 987654321'
  1, 'Kortplats 7 digitala in 123456789'
  3, 'Kortplats 7 digitala in 987654321'
  9, 'Kylcentral'
  3, 'Kylcentral KB1'
  3, 'Kylcentral KM1'
  3, 'Kylcentral VSè1'
  3, 'Kylgrupp'
  3, 'Kylgrupp KB2'
  1, 'KylÜterv.'
  1, 'KylÜterv. sker nÑr utetemp.> '
  6, 'LB11'
  2, 'LB11 : Auto'
  2, 'LB11 : FrÜn'
  2, 'LB11 : Till'
  6, 'LB13'
  2, 'LB13 : Auto'
  2, 'LB13 : FrÜn'
  2, 'LB13 : Till'
  3, 'LB51'
  1, 'LB51 : Auto'
  1, 'LB51 : FrÜn'
  1, 'LB51 : Till'
  3, 'LB52'
  1, 'LB52 : Auto'
  1, 'LB52 : FrÜn'
  1, 'LB52 : Till'
  3, 'LB61'
  1, 'LB61 : Auto'
  1, 'LB61 : FrÜn'
  1, 'LB61 : Till'
  3, 'LB62'
  1, 'LB62 : Auto'
  1, 'LB62 : FrÜn'
  1, 'LB62 : Till'
  6, 'LB64'
  2, 'LB64 : Auto'
  2, 'LB64 : FrÜn'
  2, 'LB64 : Till'
  3, 'LB65'
  1, 'LB65 : Auto'
  1, 'LB65 : FrÜn'
  1, 'LB65 : Till'
  3, 'LB71'
  1, 'LB71 : Auto'
  1, 'LB71 : FrÜn'
  1, 'LB71 : Till'
  3, 'LB72'
  1, 'LB72 : Auto'
  1, 'LB72 : FrÜn'
  1, 'LB72 : Till'
 16, 'Larm'
  1, 'Larm fîrdrîjningar'
 15, 'Larm genereras nÑr ÑrvÑrdet skiljer'
 10, 'Larmfîrdrîjning'
  1, 'Larmfîrdrîjning VVX : '
  1, 'Larmfîrdrîjning brand : '
  1, 'Larmfîrdrîjning driftfel P20 : '
  1, 'Larmfîrdrîjning driftfel P50 : '
  1, 'Larmfîrdrîjning driftfel P52 : '
  1, 'Larmfîrdrîjning frysskydd : '
  1, 'Larmfîrdrîjning manîverbrytare : '
  1, 'Larmfîrdrîjning service'
  1, 'Larmfîrdrîjning summalarm'
  1, 'Larmfîrdrîjning verkningsgrad'
 44, 'Larmfîrdrîjningar'
 16, 'Larmfîrdrîjningstid'
  1, 'Larmfîrdrîjningstid anges i minuter'
 15, 'Larmfîrdrîjningstid i minuter'
 79, 'LarmgrÑns'
  1, 'LarmgrÑns hîg temp GT51= '
 15, 'LarmgrÑns hîgt tryck GP10= '
  6, 'LarmgrÑns hîgt tryck GP60= '
  1, 'LarmgrÑns lÜg temp GT61= '
 14, 'LarmgrÑns lÜgt tryck GP10= '
  1, 'LarmgrÑns lÜgt tryck GP40= '
  4, 'LarmgrÑns lÜgt tryck GP60= '
  2, 'LarmgrÑns lÜgt tryck GP61= '
  1, 'LarmgrÑns regleravvikelse GP40= '
  1, 'LarmgrÑns regleravvikelse GP61= '
  1, 'LarmgrÑns regleravvikelse GT21= '
  1, 'LarmgrÑns regleravvikelse GT31= '
 12, 'LarmgrÑns regleravvikelse GT40='
 11, 'LarmgrÑns regleravvikelse GT41='
  2, 'LarmgrÑns regleravvikelse GT42='
  2, 'LarmgrÑns regleravvikelse GT43='
  1, 'LarmgrÑns regleravvikelse GT50='
  1, 'LarmgrÑns regleravvikelse GT51='
  1, 'LarmgrÑns regleravvikelse GT52='
  1, 'LarmgrÑns regleravvikelse GT53='
  4, 'LedvÑrde'
  1, 'LedvÑrde GT50 = '
  1, 'LedvÑrde GT50='
  1, 'LedvÑrde GT52 = '
  1, 'LedvÑrde GT52='
  3, 'LÜg'
  1, 'LÜg temperatur GT61 : '
  1, 'LÜg temperatur GT80 : '
  1, 'LÜg verkningsgrad : '
 10, 'LÜglast'
  1, 'LÜglast sommar MQ11 : '
  1, 'LÜglast sommar MQ12 : '
  1, 'LÜglast sommar MQ21 : '
  1, 'LÜglast sommar MQ22 : '
  1, 'LÜglast sommar MQ23 : '
  1, 'LÜglast vinter MQ11 : '
  1, 'LÜglast vinter MQ12 : '
  1, 'LÜglast vinter MQ21 : '
  1, 'LÜglast vinter MQ22 : '
  1, 'LÜglast vinter MQ23 : '
 23, 'LÜgt'
  1, 'LÜgt flîde GF1 : '
  2, 'LÜgt tryck GP5 : '
  2, 'LÜgt tryck GP6 : '
  1, 'LÜgt tryck P5 : '
  1, 'LÜgt tryck P6 : '
 16, 'LÜgt tryck ger driftfelslarm'
  2, 'LÜgttryck'
  1, 'LÜgttryck GP1F : '
  1, 'LÜgttryck GP1T : '
  2, 'MWh'
 12, 'Manuell'
 12, 'Manuell eller Auto drift'
  1, 'Manuellstyrning'
  1, 'Manuellstyrning '
  4, 'Max'
  4, 'Max tilluftstemp vid rumsreglering'
  4, 'Min'
  4, 'Min tilluftstemp vid rumsreglering'
  2, 'MinbegrÑnsning'
  1, 'MinbegrÑnsning 1 nÑr utetemp.< '
  1, 'MinbegrÑnsning 2 nÑr utetemp.< '
  1, 'Nattkyla'
  1, 'Normal'
  1, 'Normal reglering'
  1, 'NÑr'
  1, 'NÑr temp. i vÑrmebatteriet < instÑllt'
  1, 'Ok,'
  1, 'Ok, rÑtt'
  1, 'Om'
  1, 'Om temp.i vÑrmebatteriet.Ñr < instÑllt'
 14, 'P-konstant'
  8, 'P-konstant = '
  1, 'P-konstant fîr SV20= '
  1, 'P-konstant fîr SV50= '
  1, 'P-konstant fîr SV52= '
  1, 'P-konstant fîr frÜnluft'
  1, 'P-konstant fîr stillastÜende'
  1, 'P-konstant fîr tilluft'
  6, 'P1B='
  1, 'P20'
  1, 'P20 stoppas nÑr utetemp > instÑllt'
 77, 'Pa'
  2, 'Pa '
  2, 'Pa.'
 26, 'Pil'
  1, 'Pil ner - ingÜngen Ñr ej aktiv'
 12, 'Pil ner - ingÜngen Ñr inte aktiv'
 13, 'Pil upp - ingÜngen Ñr aktiv'
  9, 'Portkoder'
  1, 'Portkoder Appelbergsgatan 31'
  1, 'Portkoder Appelbergsgatan 33'
  1, 'Portkoder Kungsgatan 32'
  1, 'Portkoder Kungsgatan 34'
  1, 'Portkoder Kungsgatan 36'
  1, 'Portkoder Kungsgatan 38'
  1, 'Portkoder Malmskillnadsgatan 39'
  1, 'Portkoder SveavÑgen 28/30'
  1, 'Portkods'
  1, 'Portkods lîsenord : '
  8, 'Postkod'
  9, 'Pump'
  1, 'Pump P20 : Auto'
  1, 'Pump P20 : FrÜn'
  1, 'Pump P20 : Till'
  1, 'Pump P50 : Auto'
  1, 'Pump P50 : FrÜn'
  1, 'Pump P50 : Till'
  1, 'Pump P52 : Auto'
  1, 'Pump P52 : FrÜn'
  1, 'Pump P52 : Till'
  1, 'RC-VVX='
  1, 'RC2='
  4, 'Regler'
  1, 'Regler signal'
  3, 'Regler signaler'
 35, 'Regleravvikelse'
  1, 'Regleravvikelse GP40 : '
  1, 'Regleravvikelse GP61 : '
  1, 'Regleravvikelse GT21 : '
  1, 'Regleravvikelse GT31 : '
 12, 'Regleravvikelse GT40 : '
 11, 'Regleravvikelse GT41 : '
  2, 'Regleravvikelse GT42 : '
  2, 'Regleravvikelse GT43 : '
  1, 'Regleravvikelse GT50 : '
  1, 'Regleravvikelse GT51 : '
  1, 'Regleravvikelse GT52 : '
  1, 'Regleravvikelse GT53 : '
 18, 'Reglersignal'
  1, 'Reglersignal frÜnluftsflÑkt'
  2, 'Reglersignal ledskenor'
  1, 'Reglersignal tilluftsflÑkt'
 14, 'Reglersignaler'
  1, 'Reglersignaler SV20='
  3, 'Reserv'
  1, 'Reserv : Auto'
  1, 'Reserv : FrÜn'
  1, 'Reserv : Till'
  1, 'Returtemp.vÑrmebatteri'
  1, 'Returtemp.vÑrmebatteri GT80 ='
 18, 'Returtemperatur'
  1, 'Returtemperatur GT12 ='
  1, 'Returtemperatur GT32 = '
 12, 'Returtemperatur GT42 ='
  3, 'Returtemperatur GT72 ='
  1, 'Returtemperatur VXX1 GT14 = '
 10, 'Rîk'
  1, 'Rîk GT7T & GT7F : '
  2, 'Rîk GX7T & GX7F : '
  1, 'Rîk GX7T,GX7F : '
  1, 'Rîk RD1 & RD2 : '
  3, 'Rîk RD1 : '
  1, 'Rîk RD1,RD2 : '
  1, 'Rîk larm GX40,60 : '
  1, 'ST6:1='
  1, 'ST6:2='
  2, 'SV1'
  2, 'SV1 = '
  1, 'SV1B='
  1, 'SV20'
  1, 'SV20 stÜr inte i Manuell.'
  3, 'SV2='
  1, 'SV32='
  9, 'SV3='
  2, 'SV50'
  1, 'SV50 = '
  1, 'SV50 stÜr inte i Manuell.'
  2, 'SV52'
  1, 'SV52 = '
  1, 'SV52 stÜr inte i Manuell.'
  4, 'Service'
  2, 'Service RD1 : '
  1, 'Service RD1,RD2 : '
  1, 'Service brytare : '
 12, 'Servicebrytare'
 12, 'Servicebrytare : '
  8, 'Servicekod'
  2, 'Servicelarm'
  1, 'Servicelarm GX40,60 : '
  1, 'Servicelarm RD1,RD2 : '
  1, 'Spillvatten'
  1, 'Spillvatten S'
  2, 'Start'
  1, 'Start om utetemp < '
  1, 'Start om utetemp > '
  1, 'StillestÜndsreglering'
  1, 'Stopp'
  1, 'Stopp om utetemp < '
  1, 'Stoppfîrdrîjningar'
  1, 'Stoppfîrdrîjningar aggregat'
  5, 'Styrning'
  1, 'Styrning CF71'
  1, 'Styrning FF65 : Auto'
  1, 'Styrning FF65 : FrÜn'
  1, 'Styrning FF65 : Till'
  1, 'Styrning P20'
 16, 'StÑll'
 16, 'StÑll Datum och Tid'
  2, 'StÑngt'
  1, 'StÑngt spjÑll ST5 : '
  1, 'StÑngt spjÑll ST6 : '
 45, 'Summalarm'
  1, 'Summalarm A LA1 : '
  1, 'Summalarm B LA1 : '
  1, 'Summalarm CF71 : '
  3, 'Summalarm EXP 2 : '
  1, 'Summalarm EXP1 : '
  3, 'Summalarm KA61 : '
  3, 'Summalarm KA62 : '
  4, 'Summalarm P1A : '
  1, 'Summalarm P1A och P1B : '
  3, 'Summalarm P1A&B : '
  4, 'Summalarm P1B : '
  3, 'Summalarm VVX : '
  1, 'Summalarm VVX2 : '
  2, 'Summalarm hiss 1 : '
  2, 'Summalarm hiss 2 : '
  2, 'Summalarm hiss 3 : '
  2, 'Summalarm hiss 4 : '
  2, 'Summalarm hiss 5 : '
  2, 'Summalarm hiss 6 : '
  2, 'Summalarm hiss 7 : '
  2, 'Summalarm hiss 8 : '
  2, 'System'
  2, 'System S'
  1, 'TF1'
  1, 'TF1 stÜr inte i Manuell.'
  1, 'Tappvarmv.mÑngd'
  1, 'Tappvarmv.mÑngd : '
  1, 'TappvarmvattenmÑngd'
  1, 'TappvarmvattenmÑngd VM11 : '
 12, 'Temperatur'
  3, 'Temperatur GT34 ='
  3, 'Temperatur GT35 ='
  3, 'Temperatur GT36 ='
 37, 'Temperaturer'
 17, 'Temperaturer '
 19, 'Temperaturer och Tryck'
 78, 'Tidkanal'
  1, 'Tidkanal Belysning : Auto'
  1, 'Tidkanal Belysning : FrÜn'
  1, 'Tidkanal Belysning : Till'
  1, 'Tidkanal FF51 : Auto'
  1, 'Tidkanal FF51 : FrÜn'
  1, 'Tidkanal FF51 : Till'
  1, 'Tidkanal FF51 tryck pil hîger'
  1, 'Tidkanal FF55 & FF56 : Auto'
  1, 'Tidkanal FF55 & FF56 : FrÜn'
  1, 'Tidkanal FF55 & FF56 : Till'
  1, 'Tidkanal FF55,56 tryck pil hîger'
  1, 'Tidkanal FF63 : Auto'
  1, 'Tidkanal FF63 : FrÜn'
  1, 'Tidkanal FF63 : Till'
  1, 'Tidkanal FF63 tryck pil hîger'
  1, 'Tidkanal FF64 : Auto'
  1, 'Tidkanal FF64 : FrÜn'
  1, 'Tidkanal FF64 : Till'
  1, 'Tidkanal FF64 tryck pil hîger'
  1, 'Tidkanal FF65 : Auto'
  1, 'Tidkanal FF65 : FrÜn'
  1, 'Tidkanal FF65 : Till'
  1, 'Tidkanal FF65 tryck pil hîger'
  1, 'Tidkanal FF66 : Auto'
  1, 'Tidkanal FF66 : FrÜn'
  1, 'Tidkanal FF66 : Till'
  1, 'Tidkanal FF66 tryck pil hîger'
  2, 'Tidkanal LB11 : Auto'
  2, 'Tidkanal LB11 : FrÜn'
  2, 'Tidkanal LB11 : Till'
  2, 'Tidkanal LB13 : Auto'
  2, 'Tidkanal LB13 : FrÜn'
  2, 'Tidkanal LB13 : Till'
  1, 'Tidkanal LB51 : Auto'
  1, 'Tidkanal LB51 : FrÜn'
  1, 'Tidkanal LB51 : Till'
  1, 'Tidkanal LB51 tryck pil hîger'
  1, 'Tidkanal LB52 : Auto'
  1, 'Tidkanal LB52 : FrÜn'
  1, 'Tidkanal LB52 : Till'
  1, 'Tidkanal LB61 : Auto'
  1, 'Tidkanal LB61 : FrÜn'
  1, 'Tidkanal LB61 : Till'
  1, 'Tidkanal LB61 tryck pil hîger'
  1, 'Tidkanal LB62 : Auto'
  1, 'Tidkanal LB62 : FrÜn'
  1, 'Tidkanal LB62 : Till'
  1, 'Tidkanal LB62 tryck pil hîger'
  2, 'Tidkanal LB64 : Auto'
  2, 'Tidkanal LB64 : FrÜn'
  2, 'Tidkanal LB64 : Till'
  1, 'Tidkanal LB65 : Auto'
  1, 'Tidkanal LB65 : FrÜn'
  1, 'Tidkanal LB65 : Till'
  1, 'Tidkanal LB71 : Auto'
  1, 'Tidkanal LB71 : FrÜn'
  1, 'Tidkanal LB71 : Till'
  1, 'Tidkanal LB72 : Auto'
  1, 'Tidkanal LB72 : FrÜn'
  1, 'Tidkanal LB72 : Till'
  1, 'Tidkanal Reserv : Auto'
  1, 'Tidkanal Reserv : FrÜn'
  1, 'Tidkanal Reserv : Till'
  1, 'Tidkanal Reserv tryck pil hîger'
  9, 'Tidkanaler'
  1, 'Tids'
  1, 'Tids instÑllningar'
  3, 'Till,2'
  3, 'Till,2 = Auto)'
  1, 'Tilluftfilter'
  1, 'Tilluftfilter LRT : '
 14, 'Tilluftsfilter'
  1, 'Tilluftsfilter GP10 : '
 13, 'Tilluftsfilter LRT : '
  3, 'TilluftsflÑkt'
  1, 'TilluftsflÑkt TF1 : Auto'
  1, 'TilluftsflÑkt TF1 : FrÜn'
  1, 'TilluftsflÑkt TF1 : Till'
  8, 'Tilluftstemperatur'
  6, 'Tilluftstemperatur GT40='
  1, 'Tilluftstemperatur GT50='
  1, 'Tilluftstemperatur GT52='
  1, 'Trappbelysning'
 12, 'Tryckgivare'
  3, 'Tryckgivare GP11 = '
  3, 'Tryckgivare GP12 = '
  3, 'Tryckgivare GP21 = '
  3, 'Tryckgivare GP22 = '
  3, 'Undercentral'
  1, 'Undercentral VP1'
  1, 'Undercentral VS1'
  1, 'Undercentral VV1'
  1, 'Uppstart'
 16, 'Uteluftstemperatur'
 11, 'Uteluftstemperatur GT10 ='
  1, 'Uteluftstemperatur GT10= '
  4, 'Uteluftstemperatur GT11 ='
  1, 'Utetemp'
  1, 'Utetemp = '
 39, 'Utetemperatur'
 39, 'Utetemperatur ='
  1, 'Utetemperatur='
  1, 'Utetemperatur= '
  2, 'Utl.'
  2, 'Utl. automatsÑkring : '
  1, 'Utl.sÑkringsautomat'
  1, 'Utl.sÑkringsautomat FS : '
  3, 'Utlîst'
  1, 'Utlîst frysskydd : '
  1, 'Utlîst sÑkring 220V : '
  1, 'Utlîst sÑkring 24V : '
  2, 'Utsignal'
  1, 'Utsignal vid minbegr. 1 : '
  1, 'Utsignal vid minbegr. 2 : '
  1, 'Utsignalskurva'
  1, 'Utsignalskurva VVX : '
 10, 'VVX'
  6, 'VVX ska gÜ'
  4, 'VVX stÜr inte i Manuell.'
  1, 'VVX1'
  1, 'VVX1 stÜr inte i Manuell.'
  2, 'VVX1='
  1, 'VVX2='
  1, 'VVX='
 21, 'Varvtal'
  1, 'Varvtal FF1 : Auto'
  1, 'Varvtal FF1 : Manuell'
  1, 'Varvtal FF1 = '
  1, 'Varvtal TF1 : Auto'
  1, 'Varvtal TF1 : Manuell'
  1, 'Varvtal TF1 = '
  4, 'Varvtal VVX : Auto'
  4, 'Varvtal VVX : Manuell'
  4, 'Varvtal VVX = '
  1, 'Varvtal VVX1 : Auto'
  1, 'Varvtal VVX1 : Manuell'
  1, 'Varvtal VVX1 = '
  3, 'VattenmÑnd'
  3, 'VattenmÑnd : '
  5, 'VattenmÑngd'
  1, 'VattenmÑngd : '
  1, 'VattenmÑngd VM10 : '
  3, 'VattenmÑngd VM11 : '
  5, 'VattenmÑngdsberÑkningar'
 21, 'Ventilationsaggregat'
  1, 'Ventilationsaggregat LA1'
  2, 'Ventilationsaggregat LB11'
  2, 'Ventilationsaggregat LB12'
  2, 'Ventilationsaggregat LB13'
  1, 'Ventilationsaggregat LB51'
  1, 'Ventilationsaggregat LB52'
  1, 'Ventilationsaggregat LB61'
  1, 'Ventilationsaggregat LB62'
  2, 'Ventilationsaggregat LB64'
  6, 'Ventilationsaggregat LB65'
  1, 'Ventilationsaggregat LB71'
  1, 'Ventilationsaggregat LB72'
  1, 'Verkngr.VVX=(FrÜnl-Avl)/(FrÜnl-Utel)'
  1, 'Verkngr.VVX=(FrÜnl.-Avl.)/(FrÜnl.-Utel).'
  7, 'Verkngr.VVX=(FrÜnl.-Avl.)/(FrÜnl.-Utel.)'
  3, 'Verkngr.Vè1=(FrÜnl.-Avl.)/(FrÜnl.-Utel.)'
 11, 'Verknings'
  8, 'Verknings grad VVX berÑknas enligt'
  3, 'Verknings grad Vè1 berÑknas enligt'
  8, 'Verkningsgrad'
  4, 'Verkningsgrad VVX = '
  1, 'Verkningsgrad VVX berÑknas enligt'
  1, 'Verkningsgrad VVX1 = '
  1, 'Verkningsgrad VVX= '
  1, 'Verkningsgrad Vè1 = '
  6, 'Verkningsgrads'
  6, 'Verkningsgrads och '
  1, 'VerkningsgradsberÑkning'
  4, 'Vinterlast'
  1, 'Vinterlast bîrjar dag : '
  1, 'Vinterlast bîrjar mÜnad : '
  1, 'Vinterlast slutar dag : '
  1, 'Vinterlast slutar mÜnad : '
 13, 'Visning'
 13, 'Visning av digitala ingÜngar'
  3, 'VÑrmeenergi'
  2, 'VÑrmeenergi MQ11 : '
  1, 'VÑrmeenergi MQ12 : '
  6, 'VÑrmegrupp'
  3, 'VÑrmegrupp VS2'
  3, 'VÑrmegrupp VS3'
  1, 'Vè1'
  1, 'Vè1 stÜr inte i Manuell.'
  8, 'av'
  1, 'av EV54'
  2, 'av fullt'
  5, 'av fullt '
  1, 'avvikelse'
  1, 'avvikelse regulatorn anvÑnder'
 12, 'bar'
  1, 'betyder'
  1, 'betyder att regler-'
  1, 'centralen'
  1, 'centralen ger en signal pÜ 10V ut.'
  1, 'flÑkten'
  1, 'flÑkten ska gÜ'
  1, 'frysgrÑnsvÑrde'
  1, 'frysgrÑnsvÑrde stannar aggregatet'
  1, 'hela'
  1, 'hela minuter'
 17, 'instÑllning'
 29, 'kWh'
  1, 'lîst'
  1, 'lîst ut'
  6, 'm3'
  1, 'mellan'
  1, 'mellan Ñr- och bîrvÑrde'
284, 'min'
  1, 'min efter'
  1, 'min efter att'
  1, 'min fîr'
  1, 'min.'
  1, 'min. Utetemp. = '
  1, 'och'
  1, 'och Enter'
 15, 'om'
 15, 'om till timmar.'
  1, 'pil'
  1, 'pil hîger?'
  1, 'pulser/MWh'
 10, 'pulser/kWh'
  6, 'pulser/m3'
 15, 'reglercentralen'
 13, 'reglercentralen ger en signal pÜ 10V ut.'
  2, 'reglercentralen ger en ut signal pÜ 10V.'
 16, 'reglersignal'
  2, 'reglersignal betyder att'
 14, 'reglersignal Ñr det betyder att'
  2, 'regulatorn'
  2, 'regulatorn anvÑnder '
  6, 'sec'
 40, 'sedan'
 40, 'sedan : '
 16, 'sek'
 15, 'sig'
 15, 'sig mer Ñn larmgrÑnsen frÜn bîrvÑrdet.'
  1, 'till'
  1, 'till VVX Ñr nu : '
  1, 'tills'
  1, 'tills GT80 > frysgr.+3¯C'
  1, 'tilluftstemperaturen'
  1, 'utetemp.'
  1, 'utetemp. > '
 26, 'val:'
 26, 'val: se pilar i display'
  2, 'ventilen'
  1, 'ventilen Ñr fullt îppen.'
  1, 'verkgrad_vvx'
 10, 'vid'
 10, 'vid repektive brytpuunkt'
  1, 'vÑrde'
  1, 'vÑrde îppnar vÑrmeventilen'
  1, 'vÑrmebatteri'
  1, 'vÑrmebatteri GT80= '
  1, 'vÑrmebattericirkulationspump'
  1, 'vÑrmebattericirkulationspump P20.'
  1, 'éndra,'
  1, 'èterluftstemperatur'
  1, 'èterluftstemperatur GT60 = '
  1, 'èterstÑllning'
  1, 'èterstÑllning frysskydd tryck Ñndra'
  3, 'ètervinning'
  1, 'ètervinning Vè1 : Auto'
  1, 'ètervinning Vè1 : Manuell'
  1, 'ètervinning Vè1 = '
  1, 'îppna'
  3, 'ôppen'
  3, 'ôppen ventil S1 : '
  2, 'ôppet'
  2, 'ôppet spjÑll LB64 : '
  9, 'ôppning'
  1, 'ôppning SV20 : Auto'
  1, 'ôppning SV20 : Manuell'
  1, 'ôppning SV20 = '
  1, 'ôppning SV50 : Auto'
  1, 'ôppning SV50 : Manuell'
  1, 'ôppning SV50 = '
  1, 'ôppning SV52 : Auto'
  1, 'ôppning SV52 : Manuell'
  1, 'ôppning SV52 = '
 50, 'ôverstrîm'
  2, 'ôverstrîm LB11 : '
  2, 'ôverstrîm LB12 : '
  2, 'ôverstrîm LB13 : '
  1, 'ôverstrîm LB51 : '
  1, 'ôverstrîm LB52 : '
  1, 'ôverstrîm LB61 : '
  1, 'ôverstrîm LB62 : '
  2, 'ôverstrîm LB64 : '
  1, 'ôverstrîm LB65 : '
  1, 'ôverstrîm LB71 : '
  1, 'ôverstrîm LB72 : '
  7, 'ôverstrîm P1 : '
  3, 'ôverstrîm P1A : '
  3, 'ôverstrîm P1A&B : '
  3, 'ôverstrîm P1B : '
  6, 'ôverstrîm P2 : '
  3, 'ôverstrîm P63 : '
  3, 'ôverstrîm P64 : '
  3, 'ôverstrîm P65 : '
  3, 'ôverstrîm S-P1 : '
  1, 'ôverstrîm VVXP : '
 35, '¯C'
  2, '¯C '

