00000000 4afc      illegal   
00000002 00010000  ori.b      #$0,d1
00000006 00fa0001
         0000      cmp2.?     0(pc),d0
0000000c 000000f2  ori.b      #$f2,d0
00000010 0555      bchg       d2,(a5)
00000012 0d01      btst       d6,d1
00000014 a000      Line 1010 
00000016 00010000  ori.b      #$0,d1
0000001a 00000000  ori.b      #$0,d0
0000001e 00000000  ori.b      #$0,d0
00000022 00000000  ori.b      #$0,d0
00000026 00000000  ori.b      #$0,d0
0000002a 00000000  ori.b      #$0,d0
0000002e 1d5e0000  move.b     (a6)+,0(a6)
00000032 003c0000  ori        #$0,ccr
00000036 00000000  ori.b      #$0,d0
0000003a 0000001a  ori.b      #$1a,d0
0000003e 001a004e  ori.b      #$4e,(a2)+
00000042 004e004e  ori.w      #$4e,a6
00000046 00580088  ori.w      #$88,(a0)+
0000004a 00940088
         0098      ori.l      #$880098,(a4)
00000050 005c0064  ori.w      #$64,(a4)+
00000054 0058

	 20290004
	 2340009c
 	 206d0020
00000062 4e400010  os9        F$ - 16
00000066 6518      bcs.s      $80
00000068 4a00      tst.b      d0
0000006a 670c      beq.s      $78
0000006c b03c000d  cmp.b      #$d,d0
00000070 6706      beq.s      $78
00000072 b03c0020  cmp.b      #$20,d0
00000076 6608      bne.s      $80
00000078 2b490020  move.l     a1,32(a5)
0000007c 7200      moveq      #0,d1
0000007e 4e75      rts       
00000080 323c00d7  move.w     #$d7,d1
00000084 003c0001  ori        #$1,ccr
00000088 4e75      rts       
0000008a 323c00cb  move.w     #$cb,d1
0000008e 003c0001  ori        #$1,ccr
00000092 4e75      rts       
00000094 7200      moveq      #0,d1
00000096 4e75      rts       


00000098 0c400000  cmpi.w     #$0,d0
0000009c 661c      bne.s      $ba
0000009e 4e75      rts       
000000a0 0c400000  cmpi.w     #$0,d0
000000a4 6614      bne.s      $ba
000000a6 206d0020  movea.l    32(a5),a0
000000aa 45e90080  lea        128(a1),a2
000000ae 701b      moveq      #27,d0
000000b0 14d8      move.b     (a0)+,(a2)+
000000b2 51c8fffc  dbf        d0,$b0
000000b6 7200      moveq      #0,d1
000000b8 4e75      rts       
000000ba 323c00d0  move.w     #$d0,d1
000000be 003c0001  ori        #$1,ccr
000000c2 4e75      rts       
000000c4 323c00d3  move.w     #$d3,d1
000000c8 7200      moveq      #0,d1
000000ca 003c0001  ori        #$1,ccr
000000ce 4e75      rts       
000000d0 7200      moveq      #0,d1
000000d2 4e75      rts       
000000d4 206d0020  movea.l    32(a5),a0
000000d8 222d0004  move.l     4(a5),d1
000000dc 670c      beq.s      $ea
000000de 1029008b  move.b     139(a1),d0
000000e2 5381      subq.l     #1,d1
000000e4 6704      beq.s      $ea
000000e6 b018      cmp.b      (a0)+,d0
000000e8 66f8      bne.s      $e2
000000ea 93ad0004  sub.l      d1,4(a5)
000000ee 7200      moveq      #0,d1
000000f0 4e75      rts       
000000f2 6e63      bgt.s      $157
000000f4 660000d3  bne        $1c9
000000f8 54d2      scc        (a2)
000000fa 
