0level = 1
0boot = 0
calendar calle = {
Mo,  ,We,Th,  ,  ,  , !        ! 08.10 - 16.25 !
                     !        !               !
                     !        !               !
                     !        !               !
                     !        !               !
                     !        !               !
                     !        !               !
                     !        !               !
                     !        !               !
                     !        !               !
}
calendar calle = {
Mo,  ,We,Th,  ,  ,  , !        ! 08.10 - 16.25 !
                     !        !               !
                     !        !               !
                     !        !               !
                     !        !               !
                     !        !               !
                     !        !               !
                     !        !               !
                     !        !               !
                     !        !               !
}
0level = 1
0boot = 0
0level = 1
0boot = 0
0level = 1
0boot = 0
0level = 1
0boot = 0
0level = 1
0boot = 0
calendar calle = {
Mo,  ,We,Th,  ,  ,  , !        ! 08.10 - 16.25 !
                     !        !               !
                     !        !               !
                     !        !               !
                     !        !               !
                     !        !               !
                     !        !               !
                     !        !               !
                     !        !               !
                     !        !               !
}
calendar calle = {
Mo,  ,We,Th,  ,  ,  , !        ! 08.10 - 16.25 !
                     !        !               !
                     !        !               !
                     !        !               !
                     !        !               !
                     !        !               !
                     !        !               !
                     !        !               !
                     !        !               !
                     !        !               !
}
0auto = 2
0boot = 0
0level = 1
0boot = 0
0level = 1
0boot = 0
calendar calle = {
Mo,  ,We,Th,  ,  ,  , !        ! 08.10 - 16.25 !
                     !        !               !
                     !        !               !
                     !        !               !
                     !        !               !
                     !        !               !
                     !        !               !
                     !        !               !
                     !        !               !
                     !        !               !
}
calendar calle = {
Mo,  ,We,Th,  ,  ,  , !        ! 08.10 - 16.25 !
                     !        !               !
                     !        !               !
                     !        !               !
                     !        !               !
                     !        !               !
                     !        !               !
                     !        !               !
                     !        !               !
                     !        !               !
}
0auto = 2
