Linkage map for module 'phyio' in file phyio                             Page 1


'traphand' psect from file: traphand.r
	C:00000048 M:00000000 D:00000270 RM:000004da RD:000004da
 _jmptbl   DAT 0004da | end       DAT 0004da | btext     COD 000000 |
 TrapEnt   COD 000050 | bname     COD 0030a6 | etext     COD 00332a |

'lcd_c' psect from file: lcd.r
	C:00000152 M:00000000 D:00000270 RM:000004da RD:000004da
 screenContext MEM 000000 | LCD_CTRL  DAT 000284 | LCD_DATA  DAT 000288 |
 KEYBOARDPOINTER DAT 00028c | LEDBOARDPOINTER DAT 000290 | useScreenContext DAT 000294 |
 useDisplay DAT 000298 | useDDRAM  DAT 00029c | addressOn DAT 0002a0 |
 addressOff DAT 0002a4 | sysVars   DAT 0002ac | keyMapFlex DAT 0002b0 |
 aring     DAT 0002c4 | upArrow   DAT 0002e4 | downArrow DAT 000304 |
 leftArrow DAT 000324 | rightArrow DAT 000344 | highLevel DAT 000364 |
 lowLevel  DAT 000384 | bigAring  DAT 0003a4 | bigUmlaut DAT 0003c4 |
 bigOh     DAT 0003e4 | lcdSetScreenContext COD 000152 | lcdSetSelect COD 000168 |
 lcdcontrol COD 0001ae | lcdwr     COD 0001e8 | parseData COD 000222 |
 parseControl COD 000266 | lcdwrite  COD 000318 | lcdclearCheckMap COD 000640 |
 lcdflushCheckMap COD 00067c | lcdpositRel COD 00076a | lcdputs   COD 000790 |
 lcdcursorOff COD 0007ce | lcdcursorOn COD 0007e0 | lcdinit   COD 0007f2 |
 lcdshowdirections COD 000884 | lcdprintf COD 00091a | lcdhome   COD 000c64 |
 lcdpos    COD 000c7e | led       COD 000ca8 | flashLed  COD 000cec |
 updateLed COD 000d10 | keyWasDown COD 000d7c | keyDown   COD 000db0 |
 key       COD 000dfc | getKey    COD 000e38 | lcddefine COD 000e90 |
 lcdGetScreen COD 000ed0 | lcdPutScreen COD 000ef6 | lcdcld    COD 000f8a |
 lcdclr    COD 001016 | lcdcld_through_cache COD 00108a | lcdsetWrap COD 001118 |
 lcdsetCache COD 001128 | lcdsetCacheCursor COD 001138 |

'siiio_c' psect from file: siiio.r
	C:00001148 M:00000188 D:00000416 RM:000004da RD:000004da
 dummies   MEM 00021c | lcd_ctrl  DAT 000416 | lcd_data  DAT 00041a |
 keyboard  DAT 00041e | g64base   DAT 000422 | qip1      DAT 000426 |
 qip2      DAT 00042a | qsop1     DAT 00042e | qrop1     DAT 000432 |
 qsop2     DAT 000436 | qrop2     DAT 00043a | staterr   DAT 00043e |
 nodeaddr  DAT 000442 | iplcode   DAT 000446 | iplstring DAT 00044a |
 getPhyioError COD 001148 | rw_spi_bit COD 0012d4 | rw_spi    COD 001312 |
 get_spi_int COD 001398 | get_pulse COD 0013e4 | get_pi    COD 0013fc |
 get_pi_byte COD 00145e | pi_uptime COD 0014b8 | pi_measure COD 0015b8 |
 sinc_uptime COD 0016be | get_version COD 00179e | send_snpk COD 001820 |
 read_snpk COD 00188c | setCode   COD 001960 | setSafeCode COD 0019c2 |
 getCode   COD 001a9a | getSNPKStatus COD 001b68 | makeSNPKrelay COD 001c0a |
 bypassSNPKrelay COD 001c6c | blockSNPKkeyboard COD 001cce | setAlarmSNPK COD 001d2c |
 getAlarmSNPK COD 001d8a | clearCode COD 001e22 | clearAllCodes COD 001e80 |
 get_avail_nodes COD 001ed6 | snpk_uptime COD 001f58 | snpk_version COD 00202a |
 get_snpk_pass COD 002108 | seltest   COD 0023ce | get_ad    COD 002486 |
 PT100_Res COD 002598 | put_da    COD 00267e | get_di    COD 00274c |
 get_di_SR COD 002806 | put_do    COD 0028ae | get_batt_voltage COD 002916 |
 opto_power COD 002980 |

'var_c' psect from file: var.r
	C:00002a14 M:0000024c D:00000458 RM:000004da RD:000004da
 _totmem   MEM 00024c | _sbsize   MEM 000250 | errno     MEM 000254 |
 _mtop     MEM 000258 | _stbot    MEM 00025c | environ   MEM 000260 |
 flag      MEM 000264 | pc2       MEM 000268 | dr2       MEM 00026c |

'cio_a' psect from file: /dd/lib/cio.l
	C:00002a14 M:00000270 D:00000458 RM:000004da RD:000004da
 CIO_Cookie ABS 000008 | fopen     COD 002a14 | fdopen    COD 002a18 |
 freopen   COD 002a1c | setbuf    COD 002a20 | fseek     COD 002a24 |
 rewind    COD 002a28 | fread     COD 002a2c | gets      COD 002a30 |
 fgets     COD 002a34 | getc      COD 002a38 | ungetc    COD 002a3c |
Linkage map for module 'phyio' in file phyio                             Page 2

 getw      COD 002a40 | printf    COD 002a44 | fprintf   COD 002a48 |
 sprintf   COD 002a4c | fwrite    COD 002a50 | puts      COD 002a54 |
 fputs     COD 002a58 | putc      COD 002a5c | putw      COD 002a60 |
 fflush    COD 002a64 | fclose    COD 002a68 | ftell     COD 002a6c |
 _errmsg   COD 002a70 | scanf     COD 002a74 | fscanf    COD 002a78 |
 sscanf    COD 002a7c | access    COD 002a80 | create    COD 002a84 |
 creat     COD 002a88 | open      COD 002a8c | mknod     COD 002a90 |
 unlink    COD 002a94 | unlinkx   COD 002a98 | dup       COD 002a9c |
 read      COD 002aa0 | readln    COD 002aa4 | write     COD 002aa8 |
 writeln   COD 002aac | lseek     COD 002ab0 | getstat   COD 002ab4 |
 setstat   COD 002ab8 | close     COD 002abc | _tidyup   COD 002ac0 |
 closedir  COD 002ac4 | opendir   COD 002ac8 | readdir   COD 002acc |
 rewinddir COD 002ad0 | seekdir   COD 002ad4 | telldir   COD 002ad8 |
 os9exec   COD 002adc | _prgname  COD 002ae0 | modloadp  COD 002ae4 |
 getenv    COD 002ae8 | asctime   COD 002aec | gmtime    COD 002af0 |
 localtime COD 002af4 | mktime    COD 002af8 | time      COD 002afc |
 malloc    COD 002b00 | calloc    COD 002b04 | realloc   COD 002b08 |
 free      COD 002b0c | _freemin  COD 002b10 | makdir    COD 002b14 |

'ciodefs_a' psect from file: /dd/lib/cio.l
	C:00002b18 M:00000270 D:00000458 RM:000004da RD:000004da
 C$fopen   ABS 000000 | C$fdopen  ABS 000001 | C$fropen  ABS 000002 |
 C$setbuf  ABS 000003 | C$fseek   ABS 000004 | C$rewind  ABS 000005 |
 C$fread   ABS 000006 | C$gets    ABS 000007 | C$fgets   ABS 000008 |
 C$getc    ABS 000009 | C$ungetc  ABS 00000a | C$getw    ABS 00000b |
 C$printf  ABS 00000c | CIO$Trap  ABS 00000d | C$fprntf  ABS 00000d |
 C$sprntf  ABS 00000e | C$fwrite  ABS 00000f | C$puts    ABS 000010 |
 C$fputs   ABS 000011 | C$putc    ABS 000012 | C$putw    ABS 000013 |
 C$fflush  ABS 000014 | C$fclose  ABS 000015 | C$ftell   ABS 000016 |
 C$errmsg  ABS 000017 | C$scanf   ABS 000018 | C$fscanf  ABS 000019 |
 C$sscanf  ABS 00001a | C$access  ABS 00001b | C$create  ABS 00001c |
 C$creat   ABS 00001d | C$open    ABS 00001e | C$mknod   ABS 00001f |
 C$unlink  ABS 000020 | C$unlnkx  ABS 000021 | C$dup     ABS 000022 |
 C$read    ABS 000023 | C$readln  ABS 000024 | C$write   ABS 000025 |
 C$writln  ABS 000026 | C$lseek   ABS 000027 | C$getstt  ABS 000028 |
 C$setstt  ABS 000029 | C$close   ABS 00002a | C$_tidy   ABS 00002b |
 C$closedir ABS 00002c | C$opendir ABS 00002d | C$readdir ABS 00002e |
 C$rewinddir ABS 00002f | C$seekdir ABS 000030 | C$telldir ABS 000031 |
 C$os9exec ABS 000032 | C$_prgname ABS 000033 | C$modloadp ABS 000034 |
 C$getenv  ABS 000035 | C$asctime ABS 000036 | C$gmtime  ABS 000037 |
 C$localtime ABS 000038 | C$mktime  ABS 000039 | C$time    ABS 00003a |
 C$malloc  ABS 00003b | C$calloc  ABS 00003c | C$realloc ABS 00003d |
 C$free    ABS 00003e | C$_freemin ABS 00003f | C$makdir  ABS 000040 |

'strings_c' psect from file: /dd/lib/clib.l
	C:00002b18 M:00000270 D:00000458 RM:000004da RD:000004da
 strcmp    COD 002b18 | strlen    COD 002b8c | strcpy    COD 002baa |
 strcat    COD 002bc6 | strhcpy   COD 002be4 |

'atoi_c' psect from file: /dd/lib/clib.l
	C:00002bfa M:00000270 D:00000458 RM:000004da RD:000004da
 atoi      COD 002bfa |

'chcodes_c' psect from file: /dd/lib/clib.l
	C:00002c74 M:00000270 D:00000458 RM:000004da RD:000004da
 _chcodes  DAT 000459 |

'ansimem_c' psect from file: /dd/lib/clib.l
	C:00002c74 M:00000270 D:000004da RM:000004da RD:000004da
 memcpy    COD 002c74 | memcmp    COD 002d2c | memset    COD 002d6c |
Linkage map for module 'phyio' in file phyio                             Page 3

 memchr    COD 002d98 |

'cmul_a' psect from file: /dd/lib/clib.l
	C:00002dd2 M:00000270 D:000004da RM:000004da RD:000004da
 _T$UMul   COD 002dd2 | _T$LMul   COD 002dd2 |

'cdiv_a' psect from file: /dd/lib/clib.l
	C:00002e0a M:00000270 D:000004da RM:000004da RD:000004da
 _T$LDiv   COD 002e0a | _T$LMod   COD 002e34 | _T$UMod   COD 002e3c |
 _T$UDiv   COD 002e44 |

'misc_a' psect from file: /dd/lib/clib.l
	C:00002ec8 M:00000270 D:000004da RM:000004da RD:000004da
 pause     COD 002ec8 | crc       COD 002eda | prerr     COD 002efe |
 sleep     COD 002f0e | tsleep    COD 002f14 | _cmpnam   COD 002f24 |
 _prsnam   COD 002f3e | _parsepath COD 002f50 | _mkdata_module COD 002fb0 |
 _get_module_dir COD 002fd8 | _get_process_table COD 002ff0 | _get_process_desc COD 003008 |
 _setcrc   COD 00301c | _getsys   COD 00302e | _setsys   COD 00303c |
 _suspend  COD 003056 | _sysdbg   COD 003066 | _cpymem   COD 003072 |

'syscommon_a' psect from file: /dd/lib/clib.l
	C:0000308e M:00000270 D:000004da RM:000004da RD:000004da
 _sysret   COD 00308e | _os9err   COD 003090 | _sysret0  COD 003098 |

'io' psect from file: /dd/lib/sys.l
	C:000030a6 M:00000270 D:000004da RM:000004da RD:000004da

'sysglob' psect from file: /dd/lib/sys.l
	C:000030a6 M:00000270 D:000004da RM:000004da RD:000004da

'oskfuncs' psect from file: /dd/lib/sys.l
	C:000030a6 M:00000270 D:000004da RM:000004da RD:000004da
 F$Exit    ABS 000006 | F$Sleep   ABS 00000a | T$FDiv    ABS 00000b |
 F$SSpd    ABS 00000b | T$Math1   ABS 00000f | F$PErr    ABS 00000f |
 F$PrsNam  ABS 000010 | F$CmpNam  ABS 000011 | T$DMul    ABS 000012 |
 F$CRC     ABS 000017 | F$GPrDsc  ABS 000018 | F$GModDr  ABS 00001a |
 F$CpyMem  ABS 00001b | T$LtoF    ABS 00001f | F$GPrDBT  ABS 00001f |
 F$DatMod  ABS 000025 | F$SetCRC  ABS 000026 | T$FtoD    ABS 000027 |
 F$SetSys  ABS 000027 | F$SysDbg  ABS 000052 |
