
0038C5EA - 4AFC 0001 0000 0658 0000 0000 0000 064A   J|.....X.......J
0038C5FA - 0555 0E01 A001 000E 0000 0000 0000 0000   .U.. ...........
0038C60A - 0000 0000 0000 0000 0000 0000 0000 1E4B   ...............K
0038C61A - 0000 003C 0000 0000 0000 0588 004A 029C   ...<.........J..
0038C62A - 0232 033C 036E 026C 0000 266A 0000 200B   .2.<.n.l..&j.. .
0038C63A - 0200 00E0 2040 117C 00C0 0012 4280 41EE   ...` @.|.@..B.An
0038C64A - 07C4 2548 0054 3029 003C 670C 3031 0000   .D%H.T0).<g.01..
0038C65A - 2208 D280 2541 0054 157C 0000 0084 B7FC   ".R.%A.T.|....7|
0038C66A - 0034 0000 6608 206A 0054 08D0 0003 426A   .4..f. j.T.P..Bj
0038C67A - 0074 426A 0076 422A 0086 422A 0087 422A   .tBj.vB*..B*..B*
0038C68A - 0085 41EA 0088 2548 0058 2548 005C 41E8   ..Aj..%H.X%H.\Ah
0038C69A - 0400 2548 0060 41EA 0488 2548 0064 2548   ..%H.`Aj..%H.d%H
0038C6AA - 0068 41E8 0100 2548 006C 6100 00E2 1029   .hAh..%H.la..b.)
0038C6BA - 005D 6100 0112 655C 1029 005C 6170 6554   .]a...e\.).\apeT
0038C6CA - 177C 0005 0002 266A 0000 1029 0034 1229   .|....&j...).4.)
0038C6DA - 0036 41FA 0442 082A 0003 0003 6704 41FA   .6Az.B.*....g.Az
0038C6EA - 041A 4E40 002A 652C 1029 0035 E140 08C0   ..N@.*e,.).5a@.@
0038C6FA - 000D 3540 0078 266A 0000 6100 02E6 6100   ..5@.x&j..a..fa.
0038C70A - 0372 206A 0054 200B 0200 00F0 2640 1750   .r j.T ....p&@.P
0038C71A - 0005 7200 4E75 1004 1000 0302 0100 0707   ..r.Nu..........
0038C72A - 0FFF 610A 6506 177C 0005 0002 4E75 266A   ..a.e..|....Nu&j
0038C73A - 0000 7400 0240 00FF 3200 0241 0003 41FA   ..t..@..2..A..Az
0038C74A - FFD6 1430 1000 3200 E449 0241 0003 41FA   .V.0..2.dI.A..Az
0038C75A - FFCA 8430 1000 3200 E849 0241 0003 41FA   .J.0..2.hI.A..Az
0038C76A - FFBE 1230 1000 6B00 0086 177C 000A 0002   .>.0..k....|....
0038C77A - C141 C141 177C 0010 0002 C141 C141 1742   AAAA.|....AAAA.B
0038C78A - 0000 1540 0082 1741 0000 7200 4E75 202A   ...@...A..r.Nu *
0038C79A - 0000 0200 00E0 2040 1028 000D 1228 001D   .....` @.(...(..
0038C7AA - E848 0240 000F 0801 0001 6704 08C0 0009   hH.@......g..@..
0038C7BA - E341 0241 01F0 8041 3540 0080 33C0 0000   cA.A.p.A5@..3@..
0038C7CA - 0402 7200 4E75 266A 0000 0240 00FF 0C40   ..r.Nu&j...@...@
0038C7DA - 0016 6C1A 41FA 0022 1230 0000 0C01 0001   ..l.Az.".0......
0038C7EA - 670C 1741 0001 1540 0083 7200 4E75 323C   g..A...@..r.Nu2<
0038C7FA - 00CB 003C 0001 4E75 0001 1122 0144 5566   .K.<..Nu...".DUf
0038C80A - 0101 8801 99AA BB01 CCDD EEFF 3377 6100   .....*;.L]n.3wa.
0038C81A - 00C6 0C6A 0100 0076 64F4 206A 0068 10C0   .F.j...vdt j.h.@
0038C82A - B1EA 006C 6604 41EA 0488 2548 0068 526A   1j.lf.Aj..%H.hRj
0038C83A - 0076 0C6A 0001 0076 6204 6100 0206 7200   .v.j...vb.a...r.
0038C84A - 4E75 487A 0008 6100 008E 588F 302C 0000   NuHz..a...X.0,..
0038C85A - 3540 0006 3540 0004 4A6A 0076 66E4 266A   5@..5@..Jj.vfd&j
0038C86A - 0000 6100 020E 6100 01AA 1029 0034 91C8   ..a...a..*.).4.H
0038C87A - 4E40 002A 7200 4E75 6100 005C 4A6A 0074   N@.*r.Nua..\Jj.t
0038C88A - 67F6 206A 0058 1018 B1EA 0060 6604 41EA   gv j.X..1j.`f.Aj
0038C89A - 0088 2548 0058 536A 0074 0C6A 0066 0074   ..%H.XSj.t.j.f.t
0038C8AA - 621E 4A2A 0085 6618 4A2A 0086 6712 156A   b.J*..f.J*..g..j
0038C8BA - 0039 0086 670A 08EA 0000 0085 6100 0184   .9..g..j....a...
0038C8CA - 136A 0038 00A2 670C 422A 0038 323C 00F4   .j.8."g.B*.82<.t
0038C8DA - 003C 0001 4E75 2F00 356A 0006 0008 7000   .<..Nu/.5j....p.
0038C8EA - 2F0B 266E 03A4 487A 000C 2F2B 0028 266B   /.&n.$Hz../+.(&k
0038C8FA - 0428 4E75 265F 322C 0026 6706 0C41 0003   .(Nu&_2,.&g..A..
0038C90A - 630C 082C 0001 001C 6604 201F 4E75 508F   c..,....f. .NuP.
0038C91A - 003C 0001 4E75 323C 00F6 60F4 0C40 0001   .<..Nu2<.v`t.@..
0038C92A - 660E 426D 0004 3B6A 0074 0006 67E8 601A   f.Bm..;j.t..gh`.
0038C93A - 0C40 0006 6714 0C40 0000 6600 0096 136A   .@..g..@..f....j
0038C94A - 0083 0095 136A 0082 0094 7200 4E75 0C40   .....j....r.Nu.@
0038C95A - 0000 6620 1029 0095 B02A 0083 6706 6100   ..f .)..0*..g.a.
0038C96A - FE66 650E 1029 0094 B02A 0082 67DC 6100   ~fe..)..0*..g\a.
0038C97A - FDB2 4E75 0C40 001A 662E 4A6A 007A 6696   }2Nu.@..f.Jj.zf.
0038C98A - 3029 0008 322D 000A 40E7 46EA 0078 4A6A   0)..2-..@gFj.xJj
0038C99A - 0074 660E 3429 0000 48AA 0007 007A 46DF   .tf.4)..H*...zF_
0038C9AA - 60A8 46DF 6000 026A 0C40 001B 661C 3029   `(F_`..j.@..f.0)
0038C9BA - 0008 3429 0000 47EA 007A B053 6608 B46B   ..4)..Gj.z0Sf.4k
0038C9CA - 0004 6602 4253 7200 4E75 0C40 002A 6700   ..f.BSr.Nu.@.*g.
0038C9DA - FF84 33C0 0000 0400 323C 00D0 003C 0001   ..3@....2<.P.<..
0038C9EA - 4E75 266A 0000 206A 0054 082A 0003 0003   Nu&j.. j.T.*....
0038C9FA - 6710 08EA 0005 0084 08D0 0005 1750 FFFD   g..j.....P...P.}
0038CA0A - 4E75 08EA 0001 0084 08D0 0001 1750 0005   Nu.j.....P...P..
0038CA1A - 4E75 266A 0000 206A 0054 082A 0003 0003   Nu&j.. j.T.*....
0038CA2A - 6710 08AA 0005 0084 0890 0005 1750 FFFD   g..*.........P.}
0038CA3A - 4E75 08AA 0001 0084 0890 0001 1750 0005   Nu.*.........P..
0038CA4A - 4E75 266A 0000 206A 0054 082A 0003 0003   Nu&j.. j.T.*....
0038CA5A - 6710 08D0 0004 08EA 0004 0084 1750 FFFD   g..P...j.....P.}
0038CA6A - 4E75 08D0 0000 08EA 0000 0084 1750 0005   Nu.P...j.....P..
0038CA7A - 4E75 266A 0000 206A 0054 082A 0003 0003   Nu&j.. j.T.*....
0038CA8A - 6710 0890 0004 1750 FFFD 08AA 0004 0084   g......P.}.*....
0038CA9A - 4E75 0890 0000 1750 0005 08AA 0000 0084   Nu.....P...*....
0038CAAA - 4E75 4A2A 0085 6718 102A 0086 1740 0003   NuJ*..g..*...@..
0038CABA - B02A 0039 6604 422A 0086 422A 0085 4E75   0*.9f.B*..B*..Nu
0038CACA - 4A2A 0087 6706 61AA 7200 4E75 4A6A 0076   J*..g.a*r.NuJj.v
0038CADA - 67F4 206A 0064 1758 0003 B1EA 006C 6604   gt j.d.X..1j.lf.
0038CAEA - 41EA 0488 2548 0064 536A 0076 0C6A 0019   Aj..%H.dSj.v.j..
0038CAFA - 0076 6500 0110 7200 4E75 102B FFFD C02A   .ve...r.Nu.+.}@*
0038CB0A - 0084 670C 0800 0005 662A 0800 0004 6692   ..g.....f*....f.
0038CB1A - 003C 0001 4E75 102B 0005 C02A 0084 670E   .<..Nu.+..@*..g.
0038CB2A - 0800 0001 660E 0800 0000 6600 FF76 003C   ....f.....f..v.<
0038CB3A - 0001 4E75 122B 0001 0201 0070 670A 832A   ..Nu.+.....pg..*
0038CB4A - 0038 177C 0040 0002 102B 0003 6754 B02A   .8.|.@...+..gT0*
0038CB5A - 0035 6728 B02A 0036 6726 B02A 0039 6710   .5g(0*.6g&0*.9g.
0038CB6A - B02A 003A 663C 1540 0087 003C 0001 4E75   0*.:f<.@...<..Nu
0038CB7A - 422A 0087 6100 FECC 6000 008A 7203 6002   B*..a.~L`...r.`.
0038CB8A - 7202 1F00 302A 0004 6716 2F0B 266E 03A4   r...0*..g./.&n.$
0038CB9A - 487A 000C 2F2B 0020 266B 0420 4E75 265F   Hz../+. &k. Nu&_
0038CBAA - 101F 0C6A 0400 0074 6508 002A 0010 0038   ...j...te..*...8
0038CBBA - 6038 206A 005C 10C0 B1EA 0060 6604 41EA   `8 j.\.@1j.`f.Aj
0038CBCA - 0088 2548 005C 526A 0074 0C6A 0399 0074   ..%H.\Rj.t.j...t
0038CBDA - 6518 4A2A 0086 6612 156A 003A 0086 670A   e.J*..f..j.:..g.
0038CBEA - 08EA 0000 0085 6100 FE5A 302A 007A 670A   .j....a.~Z0*.zg.
0038CBFA - 322A 007C 426A 007A 6016 082B 0000 0001   2*.|Bj.z`..+....
0038CC0A - 6600 FF32 302A 0008 671C 426A 0008 7201   f..20*..g.Bj..r.
0038CC1A - 2F0B 266E 03A4 487A 000C 2F2B 0020 266B   /.&n.$Hz../+. &k
0038CC2A - 0420 4E75 265F 7200 4E75 7363 3832 6336   . Nu&_r.Nusc82c6
0038CC3A - 3834 0000 0065 BB62                        
